[2025-11-07 08:55:27,032][__main__][INFO] - Train dataset size mapped to 1 samples
[2025-11-07 08:55:27,035][__main__][INFO] - Val dataset size: 27
[2025-11-07 08:55:27,038][__main__][INFO] - Test dataset size: 30
[2025-11-07 08:55:28,026][__main__][INFO] - Loaded pretrained weights from /home/yangrui/Project/Base-model/checkpoints/vesselFM_base.pt
[2025-11-07 08:55:28,034][utils.module][INFO] - Dataset name: IMAGECAS
[2025-11-07 08:55:28,034][__main__][INFO] - 离线模式：跳过模型参数监控
[2025-11-07 08:55:28,034][__main__][INFO] - Starting training
[2025-11-07 08:55:28,034][__main__][INFO] - 🔍 进行初始验证...
[2025-11-07 08:57:11,528][__main__][INFO] - ============================================================
[2025-11-07 08:57:11,528][__main__][INFO] - 📊 验证结果报告
[2025-11-07 08:57:11,528][__main__][INFO] - ============================================================
[2025-11-07 08:57:11,528][__main__][INFO] - 🏃‍♂️ 当前训练进度: Epoch 0 | Step 0
[2025-11-07 08:57:11,528][__main__][INFO] - 🎯 数据集: IMAGECAS
[2025-11-07 08:57:11,529][__main__][INFO] - ✅ IMAGECAS Dice分数: 0.2635
[2025-11-07 08:57:11,529][__main__][INFO] - 🏆 验证Dice指标: 0.2635
[2025-11-07 08:57:11,529][__main__][INFO] - 📉 验证损失值: 0.6430
[2025-11-07 08:57:11,529][__main__][INFO] - ============================================================
[2025-11-07 08:59:47,311][__main__][INFO] - Train dataset size mapped to 1 samples
[2025-11-07 08:59:47,314][__main__][INFO] - Val dataset size: 27
[2025-11-07 08:59:47,316][__main__][INFO] - Test dataset size: 30
[2025-11-07 08:59:48,166][__main__][INFO] - Loaded pretrained weights from /home/yangrui/Project/Base-model/checkpoints/vesselFM_base.pt
[2025-11-07 08:59:48,173][utils.module][INFO] - Dataset name: IMAGECAS
[2025-11-07 08:59:48,174][__main__][INFO] - 离线模式：跳过模型参数监控
[2025-11-07 08:59:48,174][__main__][INFO] - Starting training
[2025-11-07 08:59:48,174][__main__][INFO] - 🔍 进行初始验证...
[2025-11-07 09:01:31,277][__main__][INFO] - ============================================================
[2025-11-07 09:01:31,278][__main__][INFO] - 📊 验证结果报告
[2025-11-07 09:01:31,278][__main__][INFO] - ============================================================
[2025-11-07 09:01:31,278][__main__][INFO] - 🏃‍♂️ 当前训练进度: Epoch 0 | Step 0
[2025-11-07 09:01:31,278][__main__][INFO] - 🎯 数据集: IMAGECAS
[2025-11-07 09:01:31,278][__main__][INFO] - ✅ IMAGECAS Dice分数: 0.2635
[2025-11-07 09:01:31,278][__main__][INFO] - 🏆 验证Dice指标: 0.2635
[2025-11-07 09:01:31,278][__main__][INFO] - 📉 验证损失值: 0.6430
[2025-11-07 09:01:31,279][__main__][INFO] - ============================================================
[2025-11-07 09:04:33,733][__main__][INFO] - Train dataset size mapped to 1 samples
[2025-11-07 09:04:33,736][__main__][INFO] - Val dataset size: 27
[2025-11-07 09:04:33,739][__main__][INFO] - Test dataset size: 30
[2025-11-07 09:04:34,604][__main__][INFO] - Loaded pretrained weights from /home/yangrui/Project/Base-model/checkpoints/vesselFM_base.pt
[2025-11-07 09:04:34,611][utils.module][INFO] - Dataset name: IMAGECAS
[2025-11-07 09:04:34,611][__main__][INFO] - 离线模式：跳过模型参数监控
[2025-11-07 09:04:34,611][__main__][INFO] - Starting training
[2025-11-07 09:04:34,611][__main__][INFO] - 🔍 进行初始验证...
[2025-11-07 09:06:16,344][__main__][INFO] - ============================================================
[2025-11-07 09:06:16,345][__main__][INFO] - 📊 验证结果报告
[2025-11-07 09:06:16,345][__main__][INFO] - ============================================================
[2025-11-07 09:06:16,345][__main__][INFO] - 🏃‍♂️ 当前训练进度: Epoch 0 | Step 0
[2025-11-07 09:06:16,345][__main__][INFO] - 🎯 数据集: IMAGECAS
[2025-11-07 09:06:16,345][__main__][INFO] - ✅ IMAGECAS Dice分数: 0.2635
[2025-11-07 09:06:16,345][__main__][INFO] - 🏆 验证Dice指标: 0.2635
[2025-11-07 09:06:16,345][__main__][INFO] - 📉 验证损失值: 0.6430
[2025-11-07 09:06:16,346][__main__][INFO] - ============================================================
[2025-11-07 09:06:16,496][__main__][INFO] - 📈 ==================================================
[2025-11-07 09:06:16,497][__main__][INFO] - 📋 初始验证结果摘要
[2025-11-07 09:06:16,497][__main__][INFO] - 📈 ==================================================
[2025-11-07 09:06:16,497][__main__][INFO] - 📊 数据集: IMAGECAS
[2025-11-07 09:06:16,497][__main__][INFO] - 🎯 数据集Dice: 0.2635
[2025-11-07 09:06:16,498][__main__][INFO] - ⭐ 综合Dice指标: 0.2635
[2025-11-07 09:06:16,498][__main__][INFO] - 📈 ==================================================
[2025-11-07 09:06:16,498][__main__][INFO] - 🚀 开始模型训练...
[2025-11-07 09:06:16,547][utils.module][INFO] - Initializing schedulers: {'linear_warmup': None, 'cosine_annealing': None, 'cosine_annealing_few': {'interval': 'step', 'frequency': 10, 'scheduler': functools.partial(<class 'torch.optim.lr_scheduler.CosineAnnealingLR'>, T_max=1000, eta_min=1e-07, last_epoch=-1)}}
[2025-11-07 09:06:16,547][utils.module][INFO] - Initializing scheduler: cosine_annealing_few
[2025-11-07 09:06:26,537][__main__][INFO] - ============================================================
[2025-11-07 09:06:26,537][__main__][INFO] - 📊 验证结果报告
[2025-11-07 09:06:26,538][__main__][INFO] - ============================================================
[2025-11-07 09:06:26,538][__main__][INFO] - 🏃‍♂️ 当前训练进度: Epoch 0 | Step 0
[2025-11-07 09:06:26,538][__main__][INFO] - 🎯 数据集: IMAGECAS
[2025-11-07 09:06:26,538][__main__][INFO] - ✅ IMAGECAS Dice分数: 0.1910
[2025-11-07 09:06:26,538][__main__][INFO] - 🏆 验证Dice指标: 0.1910
[2025-11-07 09:06:26,538][__main__][INFO] - 📉 验证损失值: 0.7230
[2025-11-07 09:06:26,538][__main__][INFO] - ============================================================
[2025-11-07 09:09:57,027][__main__][INFO] - ============================================================
[2025-11-07 09:09:57,028][__main__][INFO] - 📊 验证结果报告
[2025-11-07 09:09:57,028][__main__][INFO] - ============================================================
[2025-11-07 09:09:57,028][__main__][INFO] - 🏃‍♂️ 当前训练进度: Epoch 0 | Step 200
[2025-11-07 09:09:57,028][__main__][INFO] - 🎯 数据集: IMAGECAS
[2025-11-07 09:09:57,028][__main__][INFO] - ✅ IMAGECAS Dice分数: 0.3811
[2025-11-07 09:09:57,029][__main__][INFO] - 🏆 验证Dice指标: 0.3811
[2025-11-07 09:09:57,029][__main__][INFO] - 📉 验证损失值: 0.5340
[2025-11-07 09:09:57,029][__main__][INFO] - ============================================================
[2025-11-07 09:13:12,025][__main__][INFO] - ============================================================
[2025-11-07 09:13:12,026][__main__][INFO] - 📊 验证结果报告
[2025-11-07 09:13:12,026][__main__][INFO] - ============================================================
[2025-11-07 09:13:12,026][__main__][INFO] - 🏃‍♂️ 当前训练进度: Epoch 0 | Step 400
[2025-11-07 09:13:12,026][__main__][INFO] - 🎯 数据集: IMAGECAS
[2025-11-07 09:13:12,026][__main__][INFO] - ✅ IMAGECAS Dice分数: 0.4004
[2025-11-07 09:13:12,026][__main__][INFO] - 🏆 验证Dice指标: 0.4004
[2025-11-07 09:13:12,026][__main__][INFO] - 📉 验证损失值: 0.5106
[2025-11-07 09:13:12,027][__main__][INFO] - ⭐ 历史最佳Dice: 0.3811
[2025-11-07 09:13:12,027][__main__][INFO] - 🚀 相比最佳提升: +0.0194
[2025-11-07 09:13:12,027][__main__][INFO] - ============================================================
[2025-11-07 09:16:25,973][__main__][INFO] - ============================================================
[2025-11-07 09:16:25,974][__main__][INFO] - 📊 验证结果报告
[2025-11-07 09:16:25,974][__main__][INFO] - ============================================================
[2025-11-07 09:16:25,974][__main__][INFO] - 🏃‍♂️ 当前训练进度: Epoch 0 | Step 600
[2025-11-07 09:16:25,974][__main__][INFO] - 🎯 数据集: IMAGECAS
[2025-11-07 09:16:25,974][__main__][INFO] - ✅ IMAGECAS Dice分数: 0.4322
[2025-11-07 09:16:25,974][__main__][INFO] - 🏆 验证Dice指标: 0.4322
[2025-11-07 09:16:25,975][__main__][INFO] - 📉 验证损失值: 0.4777
[2025-11-07 09:16:25,984][__main__][INFO] - ⭐ 历史最佳Dice: 0.4004
[2025-11-07 09:16:25,985][__main__][INFO] - 🚀 相比最佳提升: +0.0317
[2025-11-07 09:16:25,985][__main__][INFO] - ============================================================
[2025-11-07 09:20:12,034][__main__][INFO] - ============================================================
[2025-11-07 09:20:12,034][__main__][INFO] - 📊 验证结果报告
[2025-11-07 09:20:12,034][__main__][INFO] - ============================================================
[2025-11-07 09:20:12,034][__main__][INFO] - 🏃‍♂️ 当前训练进度: Epoch 0 | Step 800
[2025-11-07 09:20:12,035][__main__][INFO] - 🎯 数据集: IMAGECAS
[2025-11-07 09:20:12,035][__main__][INFO] - ✅ IMAGECAS Dice分数: 0.4381
[2025-11-07 09:20:12,035][__main__][INFO] - 🏆 验证Dice指标: 0.4381
[2025-11-07 09:20:12,035][__main__][INFO] - 📉 验证损失值: 0.4738
[2025-11-07 09:20:12,035][__main__][INFO] - ⭐ 历史最佳Dice: 0.4322
[2025-11-07 09:20:12,035][__main__][INFO] - 🚀 相比最佳提升: +0.0059
[2025-11-07 09:20:12,035][__main__][INFO] - ============================================================
[2025-11-07 09:24:18,352][__main__][INFO] - ============================================================
[2025-11-07 09:24:18,353][__main__][INFO] - 📊 验证结果报告
[2025-11-07 09:24:18,353][__main__][INFO] - ============================================================
[2025-11-07 09:24:18,353][__main__][INFO] - 🏃‍♂️ 当前训练进度: Epoch 0 | Step 1000
[2025-11-07 09:24:18,353][__main__][INFO] - 🎯 数据集: IMAGECAS
[2025-11-07 09:24:18,354][__main__][INFO] - ✅ IMAGECAS Dice分数: 0.4386
[2025-11-07 09:24:18,354][__main__][INFO] - 🏆 验证Dice指标: 0.4386
[2025-11-07 09:24:18,354][__main__][INFO] - 📉 验证损失值: 0.4797
[2025-11-07 09:24:18,354][__main__][INFO] - ⭐ 历史最佳Dice: 0.4381
[2025-11-07 09:24:18,354][__main__][INFO] - 🚀 相比最佳提升: +0.0005
[2025-11-07 09:24:18,354][__main__][INFO] - ============================================================
[2025-11-07 09:28:20,099][__main__][INFO] - ============================================================
[2025-11-07 09:28:20,099][__main__][INFO] - 📊 验证结果报告
[2025-11-07 09:28:20,099][__main__][INFO] - ============================================================
[2025-11-07 09:28:20,099][__main__][INFO] - 🏃‍♂️ 当前训练进度: Epoch 0 | Step 1200
[2025-11-07 09:28:20,099][__main__][INFO] - 🎯 数据集: IMAGECAS
[2025-11-07 09:28:20,100][__main__][INFO] - ✅ IMAGECAS Dice分数: 0.4476
[2025-11-07 09:28:20,100][__main__][INFO] - 🏆 验证Dice指标: 0.4476
[2025-11-07 09:28:20,100][__main__][INFO] - 📉 验证损失值: 0.4667
[2025-11-07 09:28:20,100][__main__][INFO] - ⭐ 历史最佳Dice: 0.4386
[2025-11-07 09:28:20,100][__main__][INFO] - 🚀 相比最佳提升: +0.0090
[2025-11-07 09:28:20,100][__main__][INFO] - ============================================================
[2025-11-07 09:32:18,137][__main__][INFO] - ============================================================
[2025-11-07 09:32:18,137][__main__][INFO] - 📊 验证结果报告
[2025-11-07 09:32:18,138][__main__][INFO] - ============================================================
[2025-11-07 09:32:18,138][__main__][INFO] - 🏃‍♂️ 当前训练进度: Epoch 0 | Step 1400
[2025-11-07 09:32:18,138][__main__][INFO] - 🎯 数据集: IMAGECAS
[2025-11-07 09:32:18,138][__main__][INFO] - ✅ IMAGECAS Dice分数: 0.4356
[2025-11-07 09:32:18,138][__main__][INFO] - 🏆 验证Dice指标: 0.4356
[2025-11-07 09:32:18,138][__main__][INFO] - 📉 验证损失值: 0.4828
[2025-11-07 09:32:18,138][__main__][INFO] - ⭐ 历史最佳Dice: 0.4476
[2025-11-07 09:32:18,139][__main__][INFO] - 📌 距离最佳相差: -0.0120
[2025-11-07 09:32:18,139][__main__][INFO] - ============================================================
[2025-11-07 09:36:19,705][__main__][INFO] - ============================================================
[2025-11-07 09:36:19,705][__main__][INFO] - 📊 验证结果报告
[2025-11-07 09:36:19,705][__main__][INFO] - ============================================================
[2025-11-07 09:36:19,705][__main__][INFO] - 🏃‍♂️ 当前训练进度: Epoch 0 | Step 1600
[2025-11-07 09:36:19,706][__main__][INFO] - 🎯 数据集: IMAGECAS
[2025-11-07 09:36:19,706][__main__][INFO] - ✅ IMAGECAS Dice分数: 0.4513
[2025-11-07 09:36:19,706][__main__][INFO] - 🏆 验证Dice指标: 0.4513
[2025-11-07 09:36:19,706][__main__][INFO] - 📉 验证损失值: 0.4647
[2025-11-07 09:36:19,706][__main__][INFO] - ⭐ 历史最佳Dice: 0.4476
[2025-11-07 09:36:19,706][__main__][INFO] - 🚀 相比最佳提升: +0.0037
[2025-11-07 09:36:19,707][__main__][INFO] - ============================================================
[2025-11-07 09:40:01,130][__main__][INFO] - ============================================================
[2025-11-07 09:40:01,130][__main__][INFO] - 📊 验证结果报告
[2025-11-07 09:40:01,130][__main__][INFO] - ============================================================
[2025-11-07 09:40:01,130][__main__][INFO] - 🏃‍♂️ 当前训练进度: Epoch 0 | Step 1800
[2025-11-07 09:40:01,130][__main__][INFO] - 🎯 数据集: IMAGECAS
[2025-11-07 09:40:01,130][__main__][INFO] - ✅ IMAGECAS Dice分数: 0.4431
[2025-11-07 09:40:01,131][__main__][INFO] - 🏆 验证Dice指标: 0.4431
[2025-11-07 09:40:01,131][__main__][INFO] - 📉 验证损失值: 0.4757
[2025-11-07 09:40:01,131][__main__][INFO] - ⭐ 历史最佳Dice: 0.4513
[2025-11-07 09:40:01,131][__main__][INFO] - 📌 距离最佳相差: -0.0082
[2025-11-07 09:40:01,131][__main__][INFO] - ============================================================
[2025-11-07 09:43:29,601][__main__][INFO] - ============================================================
[2025-11-07 09:43:29,601][__main__][INFO] - 📊 验证结果报告
[2025-11-07 09:43:29,601][__main__][INFO] - ============================================================
[2025-11-07 09:43:29,602][__main__][INFO] - 🏃‍♂️ 当前训练进度: Epoch 0 | Step 2000
[2025-11-07 09:43:29,602][__main__][INFO] - 🎯 数据集: IMAGECAS
[2025-11-07 09:43:29,602][__main__][INFO] - ✅ IMAGECAS Dice分数: 0.4524
[2025-11-07 09:43:29,602][__main__][INFO] - 🏆 验证Dice指标: 0.4524
[2025-11-07 09:43:29,602][__main__][INFO] - 📉 验证损失值: 0.4628
[2025-11-07 09:43:29,602][__main__][INFO] - ⭐ 历史最佳Dice: 0.4513
[2025-11-07 09:43:29,602][__main__][INFO] - 🚀 相比最佳提升: +0.0011
[2025-11-07 09:43:29,603][__main__][INFO] - ============================================================
[2025-11-07 09:47:15,684][__main__][INFO] - ============================================================
[2025-11-07 09:47:15,684][__main__][INFO] - 📊 验证结果报告
[2025-11-07 09:47:15,684][__main__][INFO] - ============================================================
[2025-11-07 09:47:15,684][__main__][INFO] - 🏃‍♂️ 当前训练进度: Epoch 0 | Step 2200
[2025-11-07 09:47:15,684][__main__][INFO] - 🎯 数据集: IMAGECAS
[2025-11-07 09:47:15,684][__main__][INFO] - ✅ IMAGECAS Dice分数: 0.4520
[2025-11-07 09:47:15,685][__main__][INFO] - 🏆 验证Dice指标: 0.4520
[2025-11-07 09:47:15,685][__main__][INFO] - 📉 验证损失值: 0.4668
[2025-11-07 09:47:15,685][__main__][INFO] - ⭐ 历史最佳Dice: 0.4524
[2025-11-07 09:47:15,685][__main__][INFO] - 📌 距离最佳相差: -0.0004
[2025-11-07 09:47:15,685][__main__][INFO] - ============================================================
[2025-11-07 09:51:14,392][__main__][INFO] - ============================================================
[2025-11-07 09:51:14,393][__main__][INFO] - 📊 验证结果报告
[2025-11-07 09:51:14,393][__main__][INFO] - ============================================================
[2025-11-07 09:51:14,393][__main__][INFO] - 🏃‍♂️ 当前训练进度: Epoch 0 | Step 2400
[2025-11-07 09:51:14,393][__main__][INFO] - 🎯 数据集: IMAGECAS
[2025-11-07 09:51:14,393][__main__][INFO] - ✅ IMAGECAS Dice分数: 0.4448
[2025-11-07 09:51:14,393][__main__][INFO] - 🏆 验证Dice指标: 0.4448
[2025-11-07 09:51:14,394][__main__][INFO] - 📉 验证损失值: 0.4740
[2025-11-07 09:51:14,394][__main__][INFO] - ⭐ 历史最佳Dice: 0.4524
[2025-11-07 09:51:14,394][__main__][INFO] - 📌 距离最佳相差: -0.0076
[2025-11-07 09:51:14,394][__main__][INFO] - ============================================================
[2025-11-07 09:55:12,488][__main__][INFO] - ============================================================
[2025-11-07 09:55:12,488][__main__][INFO] - 📊 验证结果报告
[2025-11-07 09:55:12,488][__main__][INFO] - ============================================================
[2025-11-07 09:55:12,488][__main__][INFO] - 🏃‍♂️ 当前训练进度: Epoch 0 | Step 2600
[2025-11-07 09:55:12,489][__main__][INFO] - 🎯 数据集: IMAGECAS
[2025-11-07 09:55:12,489][__main__][INFO] - ✅ IMAGECAS Dice分数: 0.4511
[2025-11-07 09:55:12,489][__main__][INFO] - 🏆 验证Dice指标: 0.4511
[2025-11-07 09:55:12,489][__main__][INFO] - 📉 验证损失值: 0.4660
[2025-11-07 09:55:12,489][__main__][INFO] - ⭐ 历史最佳Dice: 0.4524
[2025-11-07 09:55:12,489][__main__][INFO] - 📌 距离最佳相差: -0.0014
[2025-11-07 09:55:12,490][__main__][INFO] - ============================================================
[2025-11-07 09:59:02,603][__main__][INFO] - ============================================================
[2025-11-07 09:59:02,603][__main__][INFO] - 📊 验证结果报告
[2025-11-07 09:59:02,603][__main__][INFO] - ============================================================
[2025-11-07 09:59:02,603][__main__][INFO] - 🏃‍♂️ 当前训练进度: Epoch 0 | Step 2800
[2025-11-07 09:59:02,603][__main__][INFO] - 🎯 数据集: IMAGECAS
[2025-11-07 09:59:02,604][__main__][INFO] - ✅ IMAGECAS Dice分数: 0.4516
[2025-11-07 09:59:02,604][__main__][INFO] - 🏆 验证Dice指标: 0.4516
[2025-11-07 09:59:02,604][__main__][INFO] - 📉 验证损失值: 0.4652
[2025-11-07 09:59:02,604][__main__][INFO] - ⭐ 历史最佳Dice: 0.4524
[2025-11-07 09:59:02,604][__main__][INFO] - 📌 距离最佳相差: -0.0009
[2025-11-07 09:59:02,604][__main__][INFO] - ============================================================
[2025-11-07 10:02:57,599][__main__][INFO] - ============================================================
[2025-11-07 10:02:57,600][__main__][INFO] - 📊 验证结果报告
[2025-11-07 10:02:57,600][__main__][INFO] - ============================================================
[2025-11-07 10:02:57,600][__main__][INFO] - 🏃‍♂️ 当前训练进度: Epoch 0 | Step 3000
[2025-11-07 10:02:57,600][__main__][INFO] - 🎯 数据集: IMAGECAS
[2025-11-07 10:02:57,600][__main__][INFO] - ✅ IMAGECAS Dice分数: 0.4565
[2025-11-07 10:02:57,600][__main__][INFO] - 🏆 验证Dice指标: 0.4565
[2025-11-07 10:02:57,600][__main__][INFO] - 📉 验证损失值: 0.4600
[2025-11-07 10:02:57,601][__main__][INFO] - ⭐ 历史最佳Dice: 0.4524
[2025-11-07 10:02:57,601][__main__][INFO] - 🚀 相比最佳提升: +0.0041
[2025-11-07 10:02:57,601][__main__][INFO] - ============================================================
[2025-11-07 10:06:40,669][__main__][INFO] - ============================================================
[2025-11-07 10:06:40,669][__main__][INFO] - 📊 验证结果报告
[2025-11-07 10:06:40,669][__main__][INFO] - ============================================================
[2025-11-07 10:06:40,669][__main__][INFO] - 🏃‍♂️ 当前训练进度: Epoch 0 | Step 3200
[2025-11-07 10:06:40,669][__main__][INFO] - 🎯 数据集: IMAGECAS
[2025-11-07 10:06:40,669][__main__][INFO] - ✅ IMAGECAS Dice分数: 0.4547
[2025-11-07 10:06:40,670][__main__][INFO] - 🏆 验证Dice指标: 0.4547
[2025-11-07 10:06:40,670][__main__][INFO] - 📉 验证损失值: 0.4626
[2025-11-07 10:06:40,670][__main__][INFO] - ⭐ 历史最佳Dice: 0.4565
[2025-11-07 10:06:40,670][__main__][INFO] - 📌 距离最佳相差: -0.0019
[2025-11-07 10:06:40,670][__main__][INFO] - ============================================================
[2025-11-07 10:10:29,521][__main__][INFO] - ============================================================
[2025-11-07 10:10:29,522][__main__][INFO] - 📊 验证结果报告
[2025-11-07 10:10:29,522][__main__][INFO] - ============================================================
[2025-11-07 10:10:29,522][__main__][INFO] - 🏃‍♂️ 当前训练进度: Epoch 0 | Step 3400
[2025-11-07 10:10:29,522][__main__][INFO] - 🎯 数据集: IMAGECAS
[2025-11-07 10:10:29,522][__main__][INFO] - ✅ IMAGECAS Dice分数: 0.4520
[2025-11-07 10:10:29,522][__main__][INFO] - 🏆 验证Dice指标: 0.4520
[2025-11-07 10:10:29,522][__main__][INFO] - 📉 验证损失值: 0.4666
[2025-11-07 10:10:29,522][__main__][INFO] - ⭐ 历史最佳Dice: 0.4565
[2025-11-07 10:10:29,523][__main__][INFO] - 📌 距离最佳相差: -0.0045
[2025-11-07 10:10:29,523][__main__][INFO] - ============================================================
[2025-11-07 10:14:32,621][__main__][INFO] - ============================================================
[2025-11-07 10:14:32,621][__main__][INFO] - 📊 验证结果报告
[2025-11-07 10:14:32,621][__main__][INFO] - ============================================================
[2025-11-07 10:14:32,621][__main__][INFO] - 🏃‍♂️ 当前训练进度: Epoch 0 | Step 3600
[2025-11-07 10:14:32,622][__main__][INFO] - 🎯 数据集: IMAGECAS
[2025-11-07 10:14:32,622][__main__][INFO] - ✅ IMAGECAS Dice分数: 0.4429
[2025-11-07 10:14:32,622][__main__][INFO] - 🏆 验证Dice指标: 0.4429
[2025-11-07 10:14:32,622][__main__][INFO] - 📉 验证损失值: 0.4762
[2025-11-07 10:14:32,622][__main__][INFO] - ⭐ 历史最佳Dice: 0.4565
[2025-11-07 10:14:32,622][__main__][INFO] - 📌 距离最佳相差: -0.0136
[2025-11-07 10:14:32,622][__main__][INFO] - ============================================================
[2025-11-07 10:18:39,590][__main__][INFO] - ============================================================
[2025-11-07 10:18:39,590][__main__][INFO] - 📊 验证结果报告
[2025-11-07 10:18:39,590][__main__][INFO] - ============================================================
[2025-11-07 10:18:39,590][__main__][INFO] - 🏃‍♂️ 当前训练进度: Epoch 0 | Step 3800
[2025-11-07 10:18:39,590][__main__][INFO] - 🎯 数据集: IMAGECAS
[2025-11-07 10:18:39,590][__main__][INFO] - ✅ IMAGECAS Dice分数: 0.4538
[2025-11-07 10:18:39,591][__main__][INFO] - 🏆 验证Dice指标: 0.4538
[2025-11-07 10:18:39,591][__main__][INFO] - 📉 验证损失值: 0.4635
[2025-11-07 10:18:39,591][__main__][INFO] - ⭐ 历史最佳Dice: 0.4565
[2025-11-07 10:18:39,591][__main__][INFO] - 📌 距离最佳相差: -0.0027
[2025-11-07 10:18:39,591][__main__][INFO] - ============================================================
[2025-11-07 10:22:37,837][__main__][INFO] - ============================================================
[2025-11-07 10:22:37,838][__main__][INFO] - 📊 验证结果报告
[2025-11-07 10:22:37,838][__main__][INFO] - ============================================================
[2025-11-07 10:22:37,838][__main__][INFO] - 🏃‍♂️ 当前训练进度: Epoch 0 | Step 4000
[2025-11-07 10:22:37,838][__main__][INFO] - 🎯 数据集: IMAGECAS
[2025-11-07 10:22:37,838][__main__][INFO] - ✅ IMAGECAS Dice分数: 0.4550
[2025-11-07 10:22:37,838][__main__][INFO] - 🏆 验证Dice指标: 0.4550
[2025-11-07 10:22:37,838][__main__][INFO] - 📉 验证损失值: 0.4616
[2025-11-07 10:22:37,838][__main__][INFO] - ⭐ 历史最佳Dice: 0.4565
[2025-11-07 10:22:37,839][__main__][INFO] - 📌 距离最佳相差: -0.0016
[2025-11-07 10:22:37,839][__main__][INFO] - ============================================================
[2025-11-07 10:26:36,470][__main__][INFO] - ============================================================
[2025-11-07 10:26:36,470][__main__][INFO] - 📊 验证结果报告
[2025-11-07 10:26:36,470][__main__][INFO] - ============================================================
[2025-11-07 10:26:36,470][__main__][INFO] - 🏃‍♂️ 当前训练进度: Epoch 0 | Step 4200
[2025-11-07 10:26:36,470][__main__][INFO] - 🎯 数据集: IMAGECAS
[2025-11-07 10:26:36,471][__main__][INFO] - ✅ IMAGECAS Dice分数: 0.4578
[2025-11-07 10:26:36,471][__main__][INFO] - 🏆 验证Dice指标: 0.4578
[2025-11-07 10:26:36,471][__main__][INFO] - 📉 验证损失值: 0.4593
[2025-11-07 10:26:36,471][__main__][INFO] - ⭐ 历史最佳Dice: 0.4565
[2025-11-07 10:26:36,471][__main__][INFO] - 🚀 相比最佳提升: +0.0013
[2025-11-07 10:26:36,471][__main__][INFO] - ============================================================
[2025-11-07 10:30:43,883][__main__][INFO] - ============================================================
[2025-11-07 10:30:43,884][__main__][INFO] - 📊 验证结果报告
[2025-11-07 10:30:43,884][__main__][INFO] - ============================================================
[2025-11-07 10:30:43,885][__main__][INFO] - 🏃‍♂️ 当前训练进度: Epoch 0 | Step 4400
[2025-11-07 10:30:43,885][__main__][INFO] - 🎯 数据集: IMAGECAS
[2025-11-07 10:30:43,885][__main__][INFO] - ✅ IMAGECAS Dice分数: 0.4405
[2025-11-07 10:30:43,885][__main__][INFO] - 🏆 验证Dice指标: 0.4405
[2025-11-07 10:30:43,886][__main__][INFO] - 📉 验证损失值: 0.4745
[2025-11-07 10:30:43,886][__main__][INFO] - ⭐ 历史最佳Dice: 0.4578
[2025-11-07 10:30:43,886][__main__][INFO] - 📌 距离最佳相差: -0.0174
[2025-11-07 10:30:43,887][__main__][INFO] - ============================================================
[2025-11-07 10:34:33,515][__main__][INFO] - ============================================================
[2025-11-07 10:34:33,516][__main__][INFO] - 📊 验证结果报告
[2025-11-07 10:34:33,516][__main__][INFO] - ============================================================
[2025-11-07 10:34:33,516][__main__][INFO] - 🏃‍♂️ 当前训练进度: Epoch 0 | Step 4600
[2025-11-07 10:34:33,516][__main__][INFO] - 🎯 数据集: IMAGECAS
[2025-11-07 10:34:33,516][__main__][INFO] - ✅ IMAGECAS Dice分数: 0.4489
[2025-11-07 10:34:33,516][__main__][INFO] - 🏆 验证Dice指标: 0.4489
[2025-11-07 10:34:33,516][__main__][INFO] - 📉 验证损失值: 0.4682
[2025-11-07 10:34:33,517][__main__][INFO] - ⭐ 历史最佳Dice: 0.4578
[2025-11-07 10:34:33,517][__main__][INFO] - 📌 距离最佳相差: -0.0090
[2025-11-07 10:34:33,517][__main__][INFO] - ============================================================
[2025-11-07 10:38:19,028][__main__][INFO] - ============================================================
[2025-11-07 10:38:19,028][__main__][INFO] - 📊 验证结果报告
[2025-11-07 10:38:19,029][__main__][INFO] - ============================================================
[2025-11-07 10:38:19,029][__main__][INFO] - 🏃‍♂️ 当前训练进度: Epoch 0 | Step 4800
[2025-11-07 10:38:19,029][__main__][INFO] - 🎯 数据集: IMAGECAS
[2025-11-07 10:38:19,029][__main__][INFO] - ✅ IMAGECAS Dice分数: 0.4469
[2025-11-07 10:38:19,030][__main__][INFO] - 🏆 验证Dice指标: 0.4469
[2025-11-07 10:38:19,030][__main__][INFO] - 📉 验证损失值: 0.4690
[2025-11-07 10:38:19,030][__main__][INFO] - ⭐ 历史最佳Dice: 0.4578
[2025-11-07 10:38:19,030][__main__][INFO] - 📌 距离最佳相差: -0.0109
[2025-11-07 10:38:19,031][__main__][INFO] - ============================================================
[2025-11-07 10:42:04,666][__main__][INFO] - ============================================================
[2025-11-07 10:42:04,666][__main__][INFO] - 📊 验证结果报告
[2025-11-07 10:42:04,666][__main__][INFO] - ============================================================
[2025-11-07 10:42:04,666][__main__][INFO] - 🏃‍♂️ 当前训练进度: Epoch 0 | Step 5000
[2025-11-07 10:42:04,666][__main__][INFO] - 🎯 数据集: IMAGECAS
[2025-11-07 10:42:04,666][__main__][INFO] - ✅ IMAGECAS Dice分数: 0.4566
[2025-11-07 10:42:04,667][__main__][INFO] - 🏆 验证Dice指标: 0.4566
[2025-11-07 10:42:04,667][__main__][INFO] - 📉 验证损失值: 0.4620
[2025-11-07 10:42:04,667][__main__][INFO] - ⭐ 历史最佳Dice: 0.4578
[2025-11-07 10:42:04,667][__main__][INFO] - 📌 距离最佳相差: -0.0013
[2025-11-07 10:42:04,667][__main__][INFO] - ============================================================
[2025-11-07 10:42:06,183][__main__][INFO] - Finished training
[2025-11-07 10:42:06,184][__main__][INFO] - 🧪 进行最终测试...
[2025-11-07 10:57:07,975][__main__][INFO] - 🎉 ============================================================
[2025-11-07 10:57:07,975][__main__][INFO] - 🏆 最终测试结果报告
[2025-11-07 10:57:07,976][__main__][INFO] - 🎉 ============================================================
[2025-11-07 10:57:07,976][__main__][INFO] - ✅ 测试集Dice分数: 0.4702
[2025-11-07 10:57:07,976][__main__][INFO] - 🎉 ============================================================
[2025-11-07 10:57:07,976][__main__][INFO] - 实验完成！日志保存在：logs/finetune_1shot_IMAGECAS_imageCAS_200_finetune_experiment
[2025-11-07 11:11:19,354][__main__][INFO] - Train dataset size mapped to 3 samples
[2025-11-07 11:11:19,357][__main__][INFO] - Val dataset size: 27
[2025-11-07 11:11:19,359][__main__][INFO] - Test dataset size: 30
[2025-11-07 11:11:20,283][__main__][INFO] - Loaded pretrained weights from /home/yangrui/Project/Base-model/checkpoints/vesselFM_base.pt
[2025-11-07 11:11:20,291][utils.module][INFO] - Dataset name: IMAGECAS
[2025-11-07 11:11:20,291][__main__][INFO] - 离线模式：跳过模型参数监控
[2025-11-07 11:11:20,291][__main__][INFO] - Starting training
[2025-11-07 11:11:20,291][__main__][INFO] - 🔍 进行初始验证...
[2025-11-07 11:13:17,505][__main__][INFO] - ============================================================
[2025-11-07 11:13:17,505][__main__][INFO] - 📊 验证结果报告
[2025-11-07 11:13:17,506][__main__][INFO] - ============================================================
[2025-11-07 11:13:17,506][__main__][INFO] - 🏃‍♂️ 当前训练进度: Epoch 0 | Step 0
[2025-11-07 11:13:17,506][__main__][INFO] - 🎯 数据集: IMAGECAS
[2025-11-07 11:13:17,506][__main__][INFO] - ✅ IMAGECAS Dice分数: 0.2635
[2025-11-07 11:13:17,506][__main__][INFO] - 🏆 验证Dice指标: 0.2635
[2025-11-07 11:13:17,506][__main__][INFO] - 📉 验证损失值: 0.6430
[2025-11-07 11:13:17,507][__main__][INFO] - ============================================================
[2025-11-07 11:13:17,641][__main__][INFO] - 📈 ==================================================
[2025-11-07 11:13:17,642][__main__][INFO] - 📋 初始验证结果摘要
[2025-11-07 11:13:17,642][__main__][INFO] - 📈 ==================================================
[2025-11-07 11:13:17,643][__main__][INFO] - 📊 数据集: IMAGECAS
[2025-11-07 11:13:17,643][__main__][INFO] - 🎯 数据集Dice: 0.2635
[2025-11-07 11:13:17,643][__main__][INFO] - ⭐ 综合Dice指标: 0.2635
[2025-11-07 11:13:17,644][__main__][INFO] - 📈 ==================================================
[2025-11-07 11:13:17,644][__main__][INFO] - 🚀 开始模型训练...
[2025-11-07 11:13:17,682][utils.module][INFO] - Initializing schedulers: {'linear_warmup': None, 'cosine_annealing': None, 'cosine_annealing_few': {'interval': 'step', 'frequency': 10, 'scheduler': functools.partial(<class 'torch.optim.lr_scheduler.CosineAnnealingLR'>, T_max=1000, eta_min=1e-07, last_epoch=-1)}}
[2025-11-07 11:13:17,683][utils.module][INFO] - Initializing scheduler: cosine_annealing_few
[2025-11-07 11:13:29,187][__main__][INFO] - ============================================================
[2025-11-07 11:13:29,188][__main__][INFO] - 📊 验证结果报告
[2025-11-07 11:13:29,188][__main__][INFO] - ============================================================
[2025-11-07 11:13:29,189][__main__][INFO] - 🏃‍♂️ 当前训练进度: Epoch 0 | Step 0
[2025-11-07 11:13:29,189][__main__][INFO] - 🎯 数据集: IMAGECAS
[2025-11-07 11:13:29,189][__main__][INFO] - ✅ IMAGECAS Dice分数: 0.1910
[2025-11-07 11:13:29,189][__main__][INFO] - 🏆 验证Dice指标: 0.1910
[2025-11-07 11:13:29,189][__main__][INFO] - 📉 验证损失值: 0.7230
[2025-11-07 11:13:29,189][__main__][INFO] - ============================================================
[2025-11-07 11:16:37,342][__main__][INFO] - ============================================================
[2025-11-07 11:16:37,343][__main__][INFO] - 📊 验证结果报告
[2025-11-07 11:16:37,343][__main__][INFO] - ============================================================
[2025-11-07 11:16:37,343][__main__][INFO] - 🏃‍♂️ 当前训练进度: Epoch 0 | Step 200
[2025-11-07 11:16:37,343][__main__][INFO] - 🎯 数据集: IMAGECAS
[2025-11-07 11:16:37,343][__main__][INFO] - ✅ IMAGECAS Dice分数: 0.3810
[2025-11-07 11:16:37,343][__main__][INFO] - 🏆 验证Dice指标: 0.3810
[2025-11-07 11:16:37,343][__main__][INFO] - 📉 验证损失值: 0.5294
[2025-11-07 11:16:37,344][__main__][INFO] - ============================================================
[2025-11-07 11:19:27,206][__main__][INFO] - ============================================================
[2025-11-07 11:19:27,207][__main__][INFO] - 📊 验证结果报告
[2025-11-07 11:19:27,207][__main__][INFO] - ============================================================
[2025-11-07 11:19:27,207][__main__][INFO] - 🏃‍♂️ 当前训练进度: Epoch 0 | Step 400
[2025-11-07 11:19:27,207][__main__][INFO] - 🎯 数据集: IMAGECAS
[2025-11-07 11:19:27,207][__main__][INFO] - ✅ IMAGECAS Dice分数: 0.3937
[2025-11-07 11:19:27,207][__main__][INFO] - 🏆 验证Dice指标: 0.3937
[2025-11-07 11:19:27,207][__main__][INFO] - 📉 验证损失值: 0.5165
[2025-11-07 11:19:27,208][__main__][INFO] - ⭐ 历史最佳Dice: 0.3810
[2025-11-07 11:19:27,208][__main__][INFO] - 🚀 相比最佳提升: +0.0127
[2025-11-07 11:19:27,208][__main__][INFO] - ============================================================
[2025-11-07 11:22:39,999][__main__][INFO] - ============================================================
[2025-11-07 11:22:40,000][__main__][INFO] - 📊 验证结果报告
[2025-11-07 11:22:40,000][__main__][INFO] - ============================================================
[2025-11-07 11:22:40,000][__main__][INFO] - 🏃‍♂️ 当前训练进度: Epoch 0 | Step 600
[2025-11-07 11:22:40,000][__main__][INFO] - 🎯 数据集: IMAGECAS
[2025-11-07 11:22:40,000][__main__][INFO] - ✅ IMAGECAS Dice分数: 0.3941
[2025-11-07 11:22:40,000][__main__][INFO] - 🏆 验证Dice指标: 0.3941
[2025-11-07 11:22:40,000][__main__][INFO] - 📉 验证损失值: 0.5182
[2025-11-07 11:22:40,007][__main__][INFO] - ⭐ 历史最佳Dice: 0.3937
[2025-11-07 11:22:40,008][__main__][INFO] - 🚀 相比最佳提升: +0.0004
[2025-11-07 11:22:40,008][__main__][INFO] - ============================================================
[2025-11-07 11:25:29,486][__main__][INFO] - ============================================================
[2025-11-07 11:25:29,487][__main__][INFO] - 📊 验证结果报告
[2025-11-07 11:25:29,487][__main__][INFO] - ============================================================
[2025-11-07 11:25:29,487][__main__][INFO] - 🏃‍♂️ 当前训练进度: Epoch 0 | Step 800
[2025-11-07 11:25:29,487][__main__][INFO] - 🎯 数据集: IMAGECAS
[2025-11-07 11:25:29,487][__main__][INFO] - ✅ IMAGECAS Dice分数: 0.3932
[2025-11-07 11:25:29,487][__main__][INFO] - 🏆 验证Dice指标: 0.3932
[2025-11-07 11:25:29,487][__main__][INFO] - 📉 验证损失值: 0.5181
[2025-11-07 11:25:29,487][__main__][INFO] - ⭐ 历史最佳Dice: 0.3941
[2025-11-07 11:25:29,488][__main__][INFO] - 📌 距离最佳相差: -0.0010
[2025-11-07 11:25:29,488][__main__][INFO] - ============================================================
[2025-11-07 11:28:26,040][__main__][INFO] - ============================================================
[2025-11-07 11:28:26,040][__main__][INFO] - 📊 验证结果报告
[2025-11-07 11:28:26,041][__main__][INFO] - ============================================================
[2025-11-07 11:28:26,041][__main__][INFO] - 🏃‍♂️ 当前训练进度: Epoch 0 | Step 1000
[2025-11-07 11:28:26,041][__main__][INFO] - 🎯 数据集: IMAGECAS
[2025-11-07 11:28:26,041][__main__][INFO] - ✅ IMAGECAS Dice分数: 0.4046
[2025-11-07 11:28:26,041][__main__][INFO] - 🏆 验证Dice指标: 0.4046
[2025-11-07 11:28:26,041][__main__][INFO] - 📉 验证损失值: 0.5053
[2025-11-07 11:28:26,041][__main__][INFO] - ⭐ 历史最佳Dice: 0.3941
[2025-11-07 11:28:26,042][__main__][INFO] - 🚀 相比最佳提升: +0.0105
[2025-11-07 11:28:26,042][__main__][INFO] - ============================================================
[2025-11-07 11:31:25,988][__main__][INFO] - ============================================================
[2025-11-07 11:31:25,988][__main__][INFO] - 📊 验证结果报告
[2025-11-07 11:31:25,988][__main__][INFO] - ============================================================
[2025-11-07 11:31:25,988][__main__][INFO] - 🏃‍♂️ 当前训练进度: Epoch 0 | Step 1200
[2025-11-07 11:31:25,988][__main__][INFO] - 🎯 数据集: IMAGECAS
[2025-11-07 11:31:25,988][__main__][INFO] - ✅ IMAGECAS Dice分数: 0.3889
[2025-11-07 11:31:25,988][__main__][INFO] - 🏆 验证Dice指标: 0.3889
[2025-11-07 11:31:25,989][__main__][INFO] - 📉 验证损失值: 0.5158
[2025-11-07 11:31:25,989][__main__][INFO] - ⭐ 历史最佳Dice: 0.4046
[2025-11-07 11:31:25,989][__main__][INFO] - 📌 距离最佳相差: -0.0157
[2025-11-07 11:31:25,989][__main__][INFO] - ============================================================
[2025-11-07 11:34:15,202][__main__][INFO] - ============================================================
[2025-11-07 11:34:15,203][__main__][INFO] - 📊 验证结果报告
[2025-11-07 11:34:15,203][__main__][INFO] - ============================================================
[2025-11-07 11:34:15,203][__main__][INFO] - 🏃‍♂️ 当前训练进度: Epoch 0 | Step 1400
[2025-11-07 11:34:15,203][__main__][INFO] - 🎯 数据集: IMAGECAS
[2025-11-07 11:34:15,203][__main__][INFO] - ✅ IMAGECAS Dice分数: 0.3841
[2025-11-07 11:34:15,203][__main__][INFO] - 🏆 验证Dice指标: 0.3841
[2025-11-07 11:34:15,203][__main__][INFO] - 📉 验证损失值: 0.5209
[2025-11-07 11:34:15,203][__main__][INFO] - ⭐ 历史最佳Dice: 0.4046
[2025-11-07 11:34:15,204][__main__][INFO] - 📌 距离最佳相差: -0.0204
[2025-11-07 11:34:15,204][__main__][INFO] - ============================================================
[2025-11-07 11:37:07,298][__main__][INFO] - ============================================================
[2025-11-07 11:37:07,299][__main__][INFO] - 📊 验证结果报告
[2025-11-07 11:37:07,299][__main__][INFO] - ============================================================
[2025-11-07 11:37:07,299][__main__][INFO] - 🏃‍♂️ 当前训练进度: Epoch 0 | Step 1600
[2025-11-07 11:37:07,299][__main__][INFO] - 🎯 数据集: IMAGECAS
[2025-11-07 11:37:07,299][__main__][INFO] - ✅ IMAGECAS Dice分数: 0.3965
[2025-11-07 11:37:07,299][__main__][INFO] - 🏆 验证Dice指标: 0.3965
[2025-11-07 11:37:07,299][__main__][INFO] - 📉 验证损失值: 0.5163
[2025-11-07 11:37:07,300][__main__][INFO] - ⭐ 历史最佳Dice: 0.4046
[2025-11-07 11:37:07,300][__main__][INFO] - 📌 距离最佳相差: -0.0081
[2025-11-07 11:37:07,300][__main__][INFO] - ============================================================
[2025-11-07 11:39:53,605][__main__][INFO] - ============================================================
[2025-11-07 11:39:53,605][__main__][INFO] - 📊 验证结果报告
[2025-11-07 11:39:53,605][__main__][INFO] - ============================================================
[2025-11-07 11:39:53,605][__main__][INFO] - 🏃‍♂️ 当前训练进度: Epoch 0 | Step 1800
[2025-11-07 11:39:53,605][__main__][INFO] - 🎯 数据集: IMAGECAS
[2025-11-07 11:39:53,606][__main__][INFO] - ✅ IMAGECAS Dice分数: 0.4019
[2025-11-07 11:39:53,606][__main__][INFO] - 🏆 验证Dice指标: 0.4019
[2025-11-07 11:39:53,606][__main__][INFO] - 📉 验证损失值: 0.5088
[2025-11-07 11:39:53,606][__main__][INFO] - ⭐ 历史最佳Dice: 0.4046
[2025-11-07 11:39:53,606][__main__][INFO] - 📌 距离最佳相差: -0.0027
[2025-11-07 11:39:53,606][__main__][INFO] - ============================================================
[2025-11-07 11:42:43,050][__main__][INFO] - ============================================================
[2025-11-07 11:42:43,051][__main__][INFO] - 📊 验证结果报告
[2025-11-07 11:42:43,051][__main__][INFO] - ============================================================
[2025-11-07 11:42:43,051][__main__][INFO] - 🏃‍♂️ 当前训练进度: Epoch 0 | Step 2000
[2025-11-07 11:42:43,051][__main__][INFO] - 🎯 数据集: IMAGECAS
[2025-11-07 11:42:43,051][__main__][INFO] - ✅ IMAGECAS Dice分数: 0.4082
[2025-11-07 11:42:43,051][__main__][INFO] - 🏆 验证Dice指标: 0.4082
[2025-11-07 11:42:43,051][__main__][INFO] - 📉 验证损失值: 0.5033
[2025-11-07 11:42:43,051][__main__][INFO] - ⭐ 历史最佳Dice: 0.4046
[2025-11-07 11:42:43,052][__main__][INFO] - 🚀 相比最佳提升: +0.0037
[2025-11-07 11:42:43,052][__main__][INFO] - ============================================================
[2025-11-07 11:45:32,361][__main__][INFO] - ============================================================
[2025-11-07 11:45:32,361][__main__][INFO] - 📊 验证结果报告
[2025-11-07 11:45:32,361][__main__][INFO] - ============================================================
[2025-11-07 11:45:32,361][__main__][INFO] - 🏃‍♂️ 当前训练进度: Epoch 0 | Step 2200
[2025-11-07 11:45:32,361][__main__][INFO] - 🎯 数据集: IMAGECAS
[2025-11-07 11:45:32,361][__main__][INFO] - ✅ IMAGECAS Dice分数: 0.3951
[2025-11-07 11:45:32,362][__main__][INFO] - 🏆 验证Dice指标: 0.3951
[2025-11-07 11:45:32,362][__main__][INFO] - 📉 验证损失值: 0.5111
[2025-11-07 11:45:32,362][__main__][INFO] - ⭐ 历史最佳Dice: 0.4082
[2025-11-07 11:45:32,362][__main__][INFO] - 📌 距离最佳相差: -0.0132
[2025-11-07 11:45:32,362][__main__][INFO] - ============================================================
[2025-11-07 11:48:16,683][__main__][INFO] - ============================================================
[2025-11-07 11:48:16,684][__main__][INFO] - 📊 验证结果报告
[2025-11-07 11:48:16,684][__main__][INFO] - ============================================================
[2025-11-07 11:48:16,684][__main__][INFO] - 🏃‍♂️ 当前训练进度: Epoch 0 | Step 2400
[2025-11-07 11:48:16,684][__main__][INFO] - 🎯 数据集: IMAGECAS
[2025-11-07 11:48:16,684][__main__][INFO] - ✅ IMAGECAS Dice分数: 0.4016
[2025-11-07 11:48:16,684][__main__][INFO] - 🏆 验证Dice指标: 0.4016
[2025-11-07 11:48:16,684][__main__][INFO] - 📉 验证损失值: 0.5084
[2025-11-07 11:48:16,684][__main__][INFO] - ⭐ 历史最佳Dice: 0.4082
[2025-11-07 11:48:16,685][__main__][INFO] - 📌 距离最佳相差: -0.0066
[2025-11-07 11:48:16,685][__main__][INFO] - ============================================================
[2025-11-07 11:51:04,215][__main__][INFO] - ============================================================
[2025-11-07 11:51:04,215][__main__][INFO] - 📊 验证结果报告
[2025-11-07 11:51:04,215][__main__][INFO] - ============================================================
[2025-11-07 11:51:04,215][__main__][INFO] - 🏃‍♂️ 当前训练进度: Epoch 0 | Step 2600
[2025-11-07 11:51:04,215][__main__][INFO] - 🎯 数据集: IMAGECAS
[2025-11-07 11:51:04,215][__main__][INFO] - ✅ IMAGECAS Dice分数: 0.3991
[2025-11-07 11:51:04,216][__main__][INFO] - 🏆 验证Dice指标: 0.3991
[2025-11-07 11:51:04,216][__main__][INFO] - 📉 验证损失值: 0.5133
[2025-11-07 11:51:04,216][__main__][INFO] - ⭐ 历史最佳Dice: 0.4082
[2025-11-07 11:51:04,216][__main__][INFO] - 📌 距离最佳相差: -0.0092
[2025-11-07 11:51:04,216][__main__][INFO] - ============================================================
[2025-11-07 11:53:53,724][__main__][INFO] - ============================================================
[2025-11-07 11:53:53,724][__main__][INFO] - 📊 验证结果报告
[2025-11-07 11:53:53,724][__main__][INFO] - ============================================================
[2025-11-07 11:53:53,725][__main__][INFO] - 🏃‍♂️ 当前训练进度: Epoch 0 | Step 2800
[2025-11-07 11:53:53,725][__main__][INFO] - 🎯 数据集: IMAGECAS
[2025-11-07 11:53:53,725][__main__][INFO] - ✅ IMAGECAS Dice分数: 0.3982
[2025-11-07 11:53:53,725][__main__][INFO] - 🏆 验证Dice指标: 0.3982
[2025-11-07 11:53:53,726][__main__][INFO] - 📉 验证损失值: 0.5103
[2025-11-07 11:53:53,726][__main__][INFO] - ⭐ 历史最佳Dice: 0.4082
[2025-11-07 11:53:53,726][__main__][INFO] - 📌 距离最佳相差: -0.0101
[2025-11-07 11:53:53,726][__main__][INFO] - ============================================================
[2025-11-07 11:57:04,511][__main__][INFO] - ============================================================
[2025-11-07 11:57:04,511][__main__][INFO] - 📊 验证结果报告
[2025-11-07 11:57:04,511][__main__][INFO] - ============================================================
[2025-11-07 11:57:04,511][__main__][INFO] - 🏃‍♂️ 当前训练进度: Epoch 0 | Step 3000
[2025-11-07 11:57:04,511][__main__][INFO] - 🎯 数据集: IMAGECAS
[2025-11-07 11:57:04,511][__main__][INFO] - ✅ IMAGECAS Dice分数: 0.3906
[2025-11-07 11:57:04,512][__main__][INFO] - 🏆 验证Dice指标: 0.3906
[2025-11-07 11:57:04,512][__main__][INFO] - 📉 验证损失值: 0.5167
[2025-11-07 11:57:04,512][__main__][INFO] - ⭐ 历史最佳Dice: 0.4082
[2025-11-07 11:57:04,512][__main__][INFO] - 📌 距离最佳相差: -0.0176
[2025-11-07 11:57:04,512][__main__][INFO] - ============================================================
[2025-11-07 12:00:03,296][__main__][INFO] - ============================================================
[2025-11-07 12:00:03,297][__main__][INFO] - 📊 验证结果报告
[2025-11-07 12:00:03,297][__main__][INFO] - ============================================================
[2025-11-07 12:00:03,297][__main__][INFO] - 🏃‍♂️ 当前训练进度: Epoch 0 | Step 3200
[2025-11-07 12:00:03,297][__main__][INFO] - 🎯 数据集: IMAGECAS
[2025-11-07 12:00:03,297][__main__][INFO] - ✅ IMAGECAS Dice分数: 0.3949
[2025-11-07 12:00:03,297][__main__][INFO] - 🏆 验证Dice指标: 0.3949
[2025-11-07 12:00:03,297][__main__][INFO] - 📉 验证损失值: 0.5139
[2025-11-07 12:00:03,297][__main__][INFO] - ⭐ 历史最佳Dice: 0.4082
[2025-11-07 12:00:03,298][__main__][INFO] - 📌 距离最佳相差: -0.0133
[2025-11-07 12:00:03,298][__main__][INFO] - ============================================================
[2025-11-07 12:02:50,802][__main__][INFO] - ============================================================
[2025-11-07 12:02:50,802][__main__][INFO] - 📊 验证结果报告
[2025-11-07 12:02:50,803][__main__][INFO] - ============================================================
[2025-11-07 12:02:50,803][__main__][INFO] - 🏃‍♂️ 当前训练进度: Epoch 0 | Step 3400
[2025-11-07 12:02:50,803][__main__][INFO] - 🎯 数据集: IMAGECAS
[2025-11-07 12:02:50,803][__main__][INFO] - ✅ IMAGECAS Dice分数: 0.3875
[2025-11-07 12:02:50,803][__main__][INFO] - 🏆 验证Dice指标: 0.3875
[2025-11-07 12:02:50,803][__main__][INFO] - 📉 验证损失值: 0.5206
[2025-11-07 12:02:50,803][__main__][INFO] - ⭐ 历史最佳Dice: 0.4082
[2025-11-07 12:02:50,803][__main__][INFO] - 📌 距离最佳相差: -0.0207
[2025-11-07 12:02:50,804][__main__][INFO] - ============================================================
[2025-11-07 12:05:40,745][__main__][INFO] - ============================================================
[2025-11-07 12:05:40,745][__main__][INFO] - 📊 验证结果报告
[2025-11-07 12:05:40,745][__main__][INFO] - ============================================================
[2025-11-07 12:05:40,745][__main__][INFO] - 🏃‍♂️ 当前训练进度: Epoch 0 | Step 3600
[2025-11-07 12:05:40,745][__main__][INFO] - 🎯 数据集: IMAGECAS
[2025-11-07 12:05:40,745][__main__][INFO] - ✅ IMAGECAS Dice分数: 0.3973
[2025-11-07 12:05:40,745][__main__][INFO] - 🏆 验证Dice指标: 0.3973
[2025-11-07 12:05:40,746][__main__][INFO] - 📉 验证损失值: 0.5131
[2025-11-07 12:05:40,746][__main__][INFO] - ⭐ 历史最佳Dice: 0.4082
[2025-11-07 12:05:40,746][__main__][INFO] - 📌 距离最佳相差: -0.0109
[2025-11-07 12:05:40,746][__main__][INFO] - ============================================================
[2025-11-07 12:08:32,262][__main__][INFO] - ============================================================
[2025-11-07 12:08:32,262][__main__][INFO] - 📊 验证结果报告
[2025-11-07 12:08:32,262][__main__][INFO] - ============================================================
[2025-11-07 12:08:32,262][__main__][INFO] - 🏃‍♂️ 当前训练进度: Epoch 0 | Step 3800
[2025-11-07 12:08:32,262][__main__][INFO] - 🎯 数据集: IMAGECAS
[2025-11-07 12:08:32,262][__main__][INFO] - ✅ IMAGECAS Dice分数: 0.3873
[2025-11-07 12:08:32,263][__main__][INFO] - 🏆 验证Dice指标: 0.3873
[2025-11-07 12:08:32,263][__main__][INFO] - 📉 验证损失值: 0.5194
[2025-11-07 12:08:32,263][__main__][INFO] - ⭐ 历史最佳Dice: 0.4082
[2025-11-07 12:08:32,263][__main__][INFO] - 📌 距离最佳相差: -0.0210
[2025-11-07 12:08:32,263][__main__][INFO] - ============================================================
[2025-11-07 12:11:20,322][__main__][INFO] - ============================================================
[2025-11-07 12:11:20,323][__main__][INFO] - 📊 验证结果报告
[2025-11-07 12:11:20,323][__main__][INFO] - ============================================================
[2025-11-07 12:11:20,323][__main__][INFO] - 🏃‍♂️ 当前训练进度: Epoch 0 | Step 4000
[2025-11-07 12:11:20,323][__main__][INFO] - 🎯 数据集: IMAGECAS
[2025-11-07 12:11:20,323][__main__][INFO] - ✅ IMAGECAS Dice分数: 0.3947
[2025-11-07 12:11:20,324][__main__][INFO] - 🏆 验证Dice指标: 0.3947
[2025-11-07 12:11:20,324][__main__][INFO] - 📉 验证损失值: 0.5138
[2025-11-07 12:11:20,324][__main__][INFO] - ⭐ 历史最佳Dice: 0.4082
[2025-11-07 12:11:20,324][__main__][INFO] - 📌 距离最佳相差: -0.0136
[2025-11-07 12:11:20,324][__main__][INFO] - ============================================================
[2025-11-07 12:14:08,117][__main__][INFO] - ============================================================
[2025-11-07 12:14:08,117][__main__][INFO] - 📊 验证结果报告
[2025-11-07 12:14:08,117][__main__][INFO] - ============================================================
[2025-11-07 12:14:08,118][__main__][INFO] - 🏃‍♂️ 当前训练进度: Epoch 0 | Step 4200
[2025-11-07 12:14:08,118][__main__][INFO] - 🎯 数据集: IMAGECAS
[2025-11-07 12:14:08,118][__main__][INFO] - ✅ IMAGECAS Dice分数: 0.3963
[2025-11-07 12:14:08,118][__main__][INFO] - 🏆 验证Dice指标: 0.3963
[2025-11-07 12:14:08,118][__main__][INFO] - 📉 验证损失值: 0.5130
[2025-11-07 12:14:08,118][__main__][INFO] - ⭐ 历史最佳Dice: 0.4082
[2025-11-07 12:14:08,118][__main__][INFO] - 📌 距离最佳相差: -0.0120
[2025-11-07 12:14:08,119][__main__][INFO] - ============================================================
[2025-11-07 12:16:51,678][__main__][INFO] - ============================================================
[2025-11-07 12:16:51,678][__main__][INFO] - 📊 验证结果报告
[2025-11-07 12:16:51,678][__main__][INFO] - ============================================================
[2025-11-07 12:16:51,678][__main__][INFO] - 🏃‍♂️ 当前训练进度: Epoch 0 | Step 4400
[2025-11-07 12:16:51,678][__main__][INFO] - 🎯 数据集: IMAGECAS
[2025-11-07 12:16:51,678][__main__][INFO] - ✅ IMAGECAS Dice分数: 0.4018
[2025-11-07 12:16:51,679][__main__][INFO] - 🏆 验证Dice指标: 0.4018
[2025-11-07 12:16:51,679][__main__][INFO] - 📉 验证损失值: 0.5104
[2025-11-07 12:16:51,679][__main__][INFO] - ⭐ 历史最佳Dice: 0.4082
[2025-11-07 12:16:51,679][__main__][INFO] - 📌 距离最佳相差: -0.0065
[2025-11-07 12:16:51,679][__main__][INFO] - ============================================================
[2025-11-07 12:19:41,127][__main__][INFO] - ============================================================
[2025-11-07 12:19:41,128][__main__][INFO] - 📊 验证结果报告
[2025-11-07 12:19:41,128][__main__][INFO] - ============================================================
[2025-11-07 12:19:41,128][__main__][INFO] - 🏃‍♂️ 当前训练进度: Epoch 0 | Step 4600
[2025-11-07 12:19:41,128][__main__][INFO] - 🎯 数据集: IMAGECAS
[2025-11-07 12:19:41,128][__main__][INFO] - ✅ IMAGECAS Dice分数: 0.3809
[2025-11-07 12:19:41,128][__main__][INFO] - 🏆 验证Dice指标: 0.3809
[2025-11-07 12:19:41,128][__main__][INFO] - 📉 验证损失值: 0.5240
[2025-11-07 12:19:41,129][__main__][INFO] - ⭐ 历史最佳Dice: 0.4082
[2025-11-07 12:19:41,129][__main__][INFO] - 📌 距离最佳相差: -0.0274
[2025-11-07 12:19:41,129][__main__][INFO] - ============================================================
[2025-11-07 12:22:29,911][__main__][INFO] - ============================================================
[2025-11-07 12:22:29,911][__main__][INFO] - 📊 验证结果报告
[2025-11-07 12:22:29,911][__main__][INFO] - ============================================================
[2025-11-07 12:22:29,911][__main__][INFO] - 🏃‍♂️ 当前训练进度: Epoch 0 | Step 4800
[2025-11-07 12:22:29,912][__main__][INFO] - 🎯 数据集: IMAGECAS
[2025-11-07 12:22:29,912][__main__][INFO] - ✅ IMAGECAS Dice分数: 0.3919
[2025-11-07 12:22:29,912][__main__][INFO] - 🏆 验证Dice指标: 0.3919
[2025-11-07 12:22:29,912][__main__][INFO] - 📉 验证损失值: 0.5165
[2025-11-07 12:22:29,912][__main__][INFO] - ⭐ 历史最佳Dice: 0.4082
[2025-11-07 12:22:29,912][__main__][INFO] - 📌 距离最佳相差: -0.0163
[2025-11-07 12:22:29,912][__main__][INFO] - ============================================================
[2025-11-07 12:25:18,690][__main__][INFO] - ============================================================
[2025-11-07 12:25:18,690][__main__][INFO] - 📊 验证结果报告
[2025-11-07 12:25:18,691][__main__][INFO] - ============================================================
[2025-11-07 12:25:18,691][__main__][INFO] - 🏃‍♂️ 当前训练进度: Epoch 0 | Step 5000
[2025-11-07 12:25:18,691][__main__][INFO] - 🎯 数据集: IMAGECAS
[2025-11-07 12:25:18,691][__main__][INFO] - ✅ IMAGECAS Dice分数: 0.3860
[2025-11-07 12:25:18,691][__main__][INFO] - 🏆 验证Dice指标: 0.3860
[2025-11-07 12:25:18,692][__main__][INFO] - 📉 验证损失值: 0.5190
[2025-11-07 12:25:18,692][__main__][INFO] - ⭐ 历史最佳Dice: 0.4082
[2025-11-07 12:25:18,692][__main__][INFO] - 📌 距离最佳相差: -0.0223
[2025-11-07 12:25:18,693][__main__][INFO] - ============================================================
[2025-11-07 12:25:20,727][__main__][INFO] - Finished training
[2025-11-07 12:25:20,728][__main__][INFO] - 🧪 进行最终测试...
[2025-11-07 12:37:23,641][__main__][INFO] - 🎉 ============================================================
[2025-11-07 12:37:23,641][__main__][INFO] - 🏆 最终测试结果报告
[2025-11-07 12:37:23,642][__main__][INFO] - 🎉 ============================================================
[2025-11-07 12:37:23,642][__main__][INFO] - ✅ 测试集Dice分数: 0.4278
[2025-11-07 12:37:23,642][__main__][INFO] - 🎉 ============================================================
[2025-11-07 12:37:23,642][__main__][INFO] - 实验完成！日志保存在：logs/finetune_3shot_IMAGECAS_imageCAS_200_finetune_experiment
